<?xml version="1.0" encoding="UTF-8"?>
<!-- Generated by org.testng.reporters.JUnitReportReporter -->
<testsuite skipped="0" hostname="LAPTOP-5V84SBQS" name="utils.TestNGDataProvider" tests="2" failures="0" timestamp="19 Jan 2020 13:53:20 GMT" time="0.013" errors="0">
  <testcase name="test1" time="0.012" classname="utils.TestNGDataProvider"/>
  <testcase name="test1" time="0.001" classname="utils.TestNGDataProvider"/>
</testsuite> <!-- utils.TestNGDataProvider -->
