<?xml version="1.0" encoding="UTF-8"?>
<!-- Generated by org.testng.reporters.JUnitReportReporter -->
<testsuite skipped="0" hostname="LAPTOP-5V84SBQS" name="listeners.TestNGListenerDemo" tests="3" failures="0" timestamp="26 Jan 2020 02:58:39 GMT" time="0.020" errors="0">
  <testcase name="test1" time="0.014" classname="listeners.TestNGListenerDemo"/>
  <testcase name="test2" time="0.003" classname="listeners.TestNGListenerDemo"/>
  <testcase name="test3" time="0.003" classname="listeners.TestNGListenerDemo"/>
</testsuite> <!-- listeners.TestNGListenerDemo -->
