<?xml version="1.0" encoding="UTF-8"?>
<!-- Generated by org.testng.reporters.JUnitReportReporter -->
<testsuite skipped="0" hostname="LAPTOP-5V84SBQS" name="utils.TestNGDemo" tests="1" failures="0" timestamp="19 Jan 2020 14:23:52 GMT" time="3.182" errors="0">
  <testcase name="googleSearch" time="3.182" classname="utils.TestNGDemo"/>
</testsuite> <!-- utils.TestNGDemo -->
